2023-11-28T13:23:31.255+01:00 DEBUG 10008 --- [main] o.s.w.c.s.GenericWebApplicationContext   : Refreshing org.springframework.web.context.support.GenericWebApplicationContext@4aa4bfa1
2023-11-28T13:23:33.046+01:00 DEBUG 10008 --- [main] s.w.s.m.m.a.RequestMappingHandlerAdapter : ControllerAdvice beans: 0 @ModelAttribute, 0 @InitBinder, 1 RequestBodyAdvice, 1 ResponseBodyAdvice
2023-11-28T13:23:33.087+01:00 DEBUG 10008 --- [main] s.w.s.m.m.a.RequestMappingHandlerMapping : 2 mappings in 'requestMappingHandlerMapping'
2023-11-28T13:23:33.119+01:00 DEBUG 10008 --- [main] o.s.w.s.handler.SimpleUrlHandlerMapping  : Patterns [/webjars/**, /**] in 'resourceHandlerMapping'
2023-11-28T13:23:33.132+01:00 DEBUG 10008 --- [main] .m.m.a.ExceptionHandlerExceptionResolver : ControllerAdvice beans: 0 @ExceptionHandler, 1 ResponseBodyAdvice
2023-11-28T13:23:33.248+01:00 DEBUG 10008 --- [main] s.w.s.m.m.a.RequestMappingHandlerMapping : 4 mappings in org.springframework.web.servlet.mvc.method.annotation.RequestMappingHandlerMapping
2023-11-28T13:23:33.251+01:00 DEBUG 10008 --- [main] s.w.s.m.m.a.RequestMappingHandlerAdapter : ControllerAdvice beans: 0 @ModelAttribute, 0 @InitBinder, 1 RequestBodyAdvice, 1 ResponseBodyAdvice
2023-11-28T13:23:33.252+01:00 DEBUG 10008 --- [main] .m.m.a.ExceptionHandlerExceptionResolver : ControllerAdvice beans: 0 @ExceptionHandler, 1 ResponseBodyAdvice
2023-11-28T13:23:33.262+01:00 DEBUG 10008 --- [main] s.w.s.m.m.a.RequestMappingHandlerMapping : Mapped to com.openclassroom.SafetyNetAlertsEndOfMission.controller.PersonController#updatePerson(String, String, Person)
2023-11-28T13:23:33.284+01:00 DEBUG 10008 --- [main] m.m.a.RequestResponseBodyMethodProcessor : Read "application/json" to [Person(firstName=Olivier, lastName=Serra, address=1565 Culver St, city=Culver, zip=97451, phone=841- (truncated)...]
2023-11-28T13:23:33.287+01:00 DEBUG 10008 --- [main] m.m.a.RequestResponseBodyMethodProcessor : Using 'application/json', given [*/*] and supported [application/json, application/*+json]
2023-11-28T13:23:33.288+01:00 DEBUG 10008 --- [main] m.m.a.RequestResponseBodyMethodProcessor : Nothing to write: null body
2023-11-28T13:23:33.306+01:00 DEBUG 10008 --- [main] s.w.s.m.m.a.RequestMappingHandlerMapping : 4 mappings in org.springframework.web.servlet.mvc.method.annotation.RequestMappingHandlerMapping
2023-11-28T13:23:33.309+01:00 DEBUG 10008 --- [main] s.w.s.m.m.a.RequestMappingHandlerAdapter : ControllerAdvice beans: 0 @ModelAttribute, 0 @InitBinder, 1 RequestBodyAdvice, 1 ResponseBodyAdvice
2023-11-28T13:23:33.310+01:00 DEBUG 10008 --- [main] .m.m.a.ExceptionHandlerExceptionResolver : ControllerAdvice beans: 0 @ExceptionHandler, 1 ResponseBodyAdvice
2023-11-28T13:23:33.314+01:00 DEBUG 10008 --- [main] s.w.s.m.m.a.RequestMappingHandlerMapping : Mapped to com.openclassroom.SafetyNetAlertsEndOfMission.controller.PersonController#updatePerson(String, String, Person)
2023-11-28T13:23:33.319+01:00 DEBUG 10008 --- [main] m.m.a.RequestResponseBodyMethodProcessor : Read "application/json" to [Person(firstName=Olivier, lastName=Serra, address=1565 Culver St, city=Culver, zip=97451, phone=841- (truncated)...]
2023-11-28T13:23:33.323+01:00 DEBUG 10008 --- [main] m.m.a.RequestResponseBodyMethodProcessor : Using 'application/json', given [*/*] and supported [application/json, application/*+json]
2023-11-28T13:23:33.324+01:00 DEBUG 10008 --- [main] m.m.a.RequestResponseBodyMethodProcessor : Writing [Person(firstName=Olivier, lastName=Serra, address=1565 Culver St, city=Culver, zip=97451, phone=841- (truncated)...]
2023-11-28T13:23:33.359+01:00 DEBUG 10008 --- [main] s.w.s.m.m.a.RequestMappingHandlerMapping : 4 mappings in org.springframework.web.servlet.mvc.method.annotation.RequestMappingHandlerMapping
2023-11-28T13:23:33.362+01:00 DEBUG 10008 --- [main] s.w.s.m.m.a.RequestMappingHandlerAdapter : ControllerAdvice beans: 0 @ModelAttribute, 0 @InitBinder, 1 RequestBodyAdvice, 1 ResponseBodyAdvice
2023-11-28T13:23:33.362+01:00 DEBUG 10008 --- [main] .m.m.a.ExceptionHandlerExceptionResolver : ControllerAdvice beans: 0 @ExceptionHandler, 1 ResponseBodyAdvice
2023-11-28T13:23:33.365+01:00 DEBUG 10008 --- [main] s.w.s.m.m.a.RequestMappingHandlerMapping : Mapped to com.openclassroom.SafetyNetAlertsEndOfMission.controller.PersonController#deletePerson(String, String, Person)
2023-11-28T13:23:33.371+01:00 DEBUG 10008 --- [main] m.m.a.RequestResponseBodyMethodProcessor : Read "application/json" to [Person(firstName=Olivier, lastName=Serra, address=1565 Culver St, city=Culver, zip=97451, phone=841- (truncated)...]
2023-11-28T13:23:33.375+01:00 DEBUG 10008 --- [main] m.m.a.RequestResponseBodyMethodProcessor : Using 'application/json', given [*/*] and supported [application/json, application/*+json]
2023-11-28T13:23:33.376+01:00 DEBUG 10008 --- [main] m.m.a.RequestResponseBodyMethodProcessor : Writing [Person(firstName=Olivier, lastName=Serra, address=1565 Culver St, city=Culver, zip=97451, phone=841- (truncated)...]
2023-11-28T13:23:33.391+01:00 DEBUG 10008 --- [main] s.w.s.m.m.a.RequestMappingHandlerMapping : 4 mappings in org.springframework.web.servlet.mvc.method.annotation.RequestMappingHandlerMapping
2023-11-28T13:23:33.393+01:00 DEBUG 10008 --- [main] s.w.s.m.m.a.RequestMappingHandlerAdapter : ControllerAdvice beans: 0 @ModelAttribute, 0 @InitBinder, 1 RequestBodyAdvice, 1 ResponseBodyAdvice
2023-11-28T13:23:33.393+01:00 DEBUG 10008 --- [main] .m.m.a.ExceptionHandlerExceptionResolver : ControllerAdvice beans: 0 @ExceptionHandler, 1 ResponseBodyAdvice
2023-11-28T13:23:33.395+01:00 DEBUG 10008 --- [main] s.w.s.m.m.a.RequestMappingHandlerMapping : Mapped to com.openclassroom.SafetyNetAlertsEndOfMission.controller.PersonController#addPerson(Person)
2023-11-28T13:23:33.401+01:00 DEBUG 10008 --- [main] m.m.a.RequestResponseBodyMethodProcessor : Read "application/json" to [Person(firstName=Olivier, lastName=Serra, address=1565 Culver St, city=Culver, zip=97451, phone=841- (truncated)...]
2023-11-28T13:23:33.404+01:00 DEBUG 10008 --- [main] m.m.a.RequestResponseBodyMethodProcessor : Using 'application/json', given [*/*] and supported [application/json, application/*+json]
2023-11-28T13:23:33.405+01:00 DEBUG 10008 --- [main] m.m.a.RequestResponseBodyMethodProcessor : Writing [Person(firstName=Olivier, lastName=Serra, address=1565 Culver St, city=Culver, zip=97451, phone=841- (truncated)...]
2023-11-28T13:23:33.568+01:00 DEBUG 10008 --- [main] o.s.w.c.s.GenericWebApplicationContext   : Refreshing org.springframework.web.context.support.GenericWebApplicationContext@5707ce70
2023-11-28T13:23:35.400+01:00 DEBUG 10008 --- [main] s.w.s.m.m.a.RequestMappingHandlerAdapter : ControllerAdvice beans: 0 @ModelAttribute, 0 @InitBinder, 1 RequestBodyAdvice, 1 ResponseBodyAdvice
2023-11-28T13:23:35.420+01:00 DEBUG 10008 --- [main] s.w.s.m.m.a.RequestMappingHandlerMapping : 14 mappings in 'requestMappingHandlerMapping'
2023-11-28T13:23:35.428+01:00 DEBUG 10008 --- [main] o.s.w.s.handler.SimpleUrlHandlerMapping  : Patterns [/webjars/**, /**] in 'resourceHandlerMapping'
2023-11-28T13:23:35.433+01:00 DEBUG 10008 --- [main] .m.m.a.ExceptionHandlerExceptionResolver : ControllerAdvice beans: 0 @ExceptionHandler, 1 ResponseBodyAdvice
2023-11-28T13:23:36.526+01:00 DEBUG 10008 --- [main] o.s.w.c.s.GenericWebApplicationContext   : Refreshing org.springframework.web.context.support.GenericWebApplicationContext@2a01bf0e
2023-11-28T13:23:37.188+01:00 DEBUG 10008 --- [main] s.w.s.m.m.a.RequestMappingHandlerAdapter : ControllerAdvice beans: 0 @ModelAttribute, 0 @InitBinder, 1 RequestBodyAdvice, 1 ResponseBodyAdvice
2023-11-28T13:23:37.218+01:00 DEBUG 10008 --- [main] s.w.s.m.m.a.RequestMappingHandlerMapping : 14 mappings in 'requestMappingHandlerMapping'
2023-11-28T13:23:37.226+01:00 DEBUG 10008 --- [main] o.s.w.s.handler.SimpleUrlHandlerMapping  : Patterns [/webjars/**, /**] in 'resourceHandlerMapping'
2023-11-28T13:23:37.232+01:00 DEBUG 10008 --- [main] .m.m.a.ExceptionHandlerExceptionResolver : ControllerAdvice beans: 0 @ExceptionHandler, 1 ResponseBodyAdvice
2023-11-28T13:23:37.561+01:00 DEBUG 10008 --- [main] o.s.w.c.s.GenericWebApplicationContext   : Refreshing org.springframework.web.context.support.GenericWebApplicationContext@11620d7b
2023-11-28T13:23:38.358+01:00 DEBUG 10008 --- [main] s.w.s.m.m.a.RequestMappingHandlerAdapter : ControllerAdvice beans: 0 @ModelAttribute, 0 @InitBinder, 1 RequestBodyAdvice, 1 ResponseBodyAdvice
2023-11-28T13:23:38.383+01:00 DEBUG 10008 --- [main] s.w.s.m.m.a.RequestMappingHandlerMapping : 14 mappings in 'requestMappingHandlerMapping'
2023-11-28T13:23:38.389+01:00 DEBUG 10008 --- [main] o.s.w.s.handler.SimpleUrlHandlerMapping  : Patterns [/webjars/**, /**] in 'resourceHandlerMapping'
2023-11-28T13:23:38.392+01:00 DEBUG 10008 --- [main] .m.m.a.ExceptionHandlerExceptionResolver : ControllerAdvice beans: 0 @ExceptionHandler, 1 ResponseBodyAdvice
2023-11-28T13:23:38.708+01:00 DEBUG 10008 --- [main] o.s.w.c.s.GenericWebApplicationContext   : Refreshing org.springframework.web.context.support.GenericWebApplicationContext@7a953b17
2023-11-28T13:23:39.247+01:00 DEBUG 10008 --- [main] s.w.s.m.m.a.RequestMappingHandlerAdapter : ControllerAdvice beans: 0 @ModelAttribute, 0 @InitBinder, 1 RequestBodyAdvice, 1 ResponseBodyAdvice
2023-11-28T13:23:39.275+01:00 DEBUG 10008 --- [main] s.w.s.m.m.a.RequestMappingHandlerMapping : 14 mappings in 'requestMappingHandlerMapping'
2023-11-28T13:23:39.283+01:00 DEBUG 10008 --- [main] o.s.w.s.handler.SimpleUrlHandlerMapping  : Patterns [/webjars/**, /**] in 'resourceHandlerMapping'
2023-11-28T13:23:39.287+01:00 DEBUG 10008 --- [main] .m.m.a.ExceptionHandlerExceptionResolver : ControllerAdvice beans: 0 @ExceptionHandler, 1 ResponseBodyAdvice
2023-11-28T13:23:40.148+01:00 DEBUG 10008 --- [SpringApplicationShutdownHook] o.s.w.c.s.GenericWebApplicationContext   : Closing org.springframework.web.context.support.GenericWebApplicationContext@4aa4bfa1, started on Tue Nov 28 13:23:31 CET 2023
2023-11-28T13:23:40.151+01:00 DEBUG 10008 --- [SpringApplicationShutdownHook] o.s.w.c.s.GenericWebApplicationContext   : Closing org.springframework.web.context.support.GenericWebApplicationContext@5707ce70, started on Tue Nov 28 13:23:33 CET 2023
2023-11-28T13:23:40.157+01:00 DEBUG 10008 --- [SpringApplicationShutdownHook] o.s.w.c.s.GenericWebApplicationContext   : Closing org.springframework.web.context.support.GenericWebApplicationContext@2a01bf0e, started on Tue Nov 28 13:23:36 CET 2023
2023-11-28T13:23:40.163+01:00 DEBUG 10008 --- [SpringApplicationShutdownHook] o.s.w.c.s.GenericWebApplicationContext   : Closing org.springframework.web.context.support.GenericWebApplicationContext@11620d7b, started on Tue Nov 28 13:23:37 CET 2023
2023-11-28T13:23:40.167+01:00 DEBUG 10008 --- [SpringApplicationShutdownHook] o.s.w.c.s.GenericWebApplicationContext   : Closing org.springframework.web.context.support.GenericWebApplicationContext@7a953b17, started on Tue Nov 28 13:23:38 CET 2023
